<?xml version="1.0" encoding="UTF-8"?>
<!-- Generated by org.testng.reporters.JUnitReportReporter -->
<testsuite hostname="DESKTOP-D2V2H1D" failures="0" tests="1" name="jenkinscode.testcuside" time="34.526" errors="0" timestamp="2024-11-27T12:35:56 IST" skipped="0">
  <testcase classname="jenkinscode.testcuside" name="openBrowser" time="34.526"/>
  <system-out/>
</testsuite> <!-- jenkinscode.testcuside -->
