<?xml version="1.0" encoding="UTF-8"?>
<!-- Generated by org.testng.reporters.JUnitReportReporter -->
<testsuite hostname="DESKTOP-D2V2H1D" failures="0" tests="1" name="jenkinscode.jouneryworkflow" time="58.569" errors="0" timestamp="2024-10-17T13:05:14 IST" skipped="0">
  <testcase classname="jenkinscode.jouneryworkflow" name="testLogin" time="58.569"/>
  <system-out/>
</testsuite> <!-- jenkinscode.jouneryworkflow -->
