<?xml version="1.0" encoding="UTF-8"?>
<!-- Generated by org.testng.reporters.JUnitReportReporter -->
<testsuite hostname="DESKTOP-D2V2H1D" failures="0" tests="1" name="jenkinscode.EditUpdateMergeCustomerProfile" time="13.030" errors="0" timestamp="2024-10-14T14:50:36 IST" skipped="0">
  <testcase classname="jenkinscode.EditUpdateMergeCustomerProfile" name="Editupdatemergecustomerprofile" time="13.030"/>
  <system-out/>
</testsuite> <!-- jenkinscode.EditUpdateMergeCustomerProfile -->
